<?xml version="1.0" encoding="UTF-8"?>
<!-- Generated by org.testng.reporters.JUnitReportReporter -->
<testsuite hostname="Angela_Moras" failures="0" tests="2" name="testNgTopic.LearningCrossBrowserTesting" time="24.905" errors="0" timestamp="2024-07-09T14:12:47 IST" skipped="0">
  <testcase classname="testNgTopic.LearningCrossBrowserTesting" name="launch" time="10.970"/>
  <system-out/>
  <testcase classname="testNgTopic.LearningCrossBrowserTesting" name="launch" time="13.935"/>
  <system-out/>
</testsuite> <!-- testNgTopic.LearningCrossBrowserTesting -->
