<?xml version="1.0" encoding="UTF-8"?>
<!-- Generated by org.testng.reporters.JUnitReportReporter -->
<testsuite hostname="Angela_Moras" failures="0" tests="1" name="scripts_Vtiger.Script3" time="51.358" errors="0" timestamp="2024-07-13T15:57:27 IST" skipped="0">
  <testcase classname="scripts_Vtiger.Script3" name="script3" time="51.358"/>
  <system-out>
    <![CDATA[Test Script Execution Started
Test Script Passed]]>
  </system-out>
</testsuite> <!-- scripts_Vtiger.Script3 -->
