<?xml version="1.0" encoding="UTF-8"?>
<!-- Generated by org.testng.reporters.JUnitReportReporter -->
<testsuite hostname="Angela_Moras" failures="0" tests="1" name="scripts_Vtiger.Script1_Test" time="46.710" errors="0" timestamp="2024-07-15T20:03:56 IST" skipped="0">
  <testcase classname="scripts_Vtiger.Script1_Test" name="script1" time="46.710"/>
  <system-out>
    <![CDATA[Test Script Execution Started
Test Script Passed]]>
  </system-out>
</testsuite> <!-- scripts_Vtiger.Script1_Test -->
