<?xml version="1.0" encoding="UTF-8"?>
<!-- Generated by org.testng.reporters.JUnitReportReporter -->
<testsuite hostname="Angela_Moras" failures="0" tests="2" name="helperAttribute.LearningThreadPoolSize" time="90.879" errors="0" timestamp="2024-07-02T15:16:34 IST" skipped="0">
  <testcase classname="helperAttribute.LearningThreadPoolSize" name="launch" time="54.067"/>
  <system-out/>
  <testcase classname="helperAttribute.LearningThreadPoolSize" name="launch" time="36.812"/>
  <system-out/>
</testsuite> <!-- helperAttribute.LearningThreadPoolSize -->
