<?xml version="1.0" encoding="UTF-8"?>
<!-- Generated by org.testng.reporters.JUnitReportReporter -->
<testsuite hostname="Angela_Moras" failures="0" tests="3" name="helperAttribute.LearningPriority" time="0.023" errors="0" timestamp="2024-07-01T16:11:13 IST" skipped="0">
  <testcase classname="helperAttribute.LearningPriority" name="login" time="0.014"/>
  <system-out>
user has login  </system-out>
  <testcase classname="helperAttribute.LearningPriority" name="addCart" time="0.003"/>
  <system-out>
user added a product to cart  </system-out>
  <testcase classname="helperAttribute.LearningPriority" name="logout" time="0.006"/>
  <system-out>
user has logout  </system-out>
</testsuite> <!-- helperAttribute.LearningPriority -->
