<?xml version="1.0" encoding="UTF-8"?>
<!-- Generated by org.testng.reporters.JUnitReportReporter -->
<testsuite hostname="Angela_Moras" failures="0" tests="3" name="testNgTopic.MultipleDataUsingDataProvider" time="133.043" errors="0" timestamp="2024-07-10T15:15:02 IST" skipped="0">
  <testcase classname="testNgTopic.MultipleDataUsingDataProvider" name="details" time="42.718"/>
  <system-out/>
  <testcase classname="testNgTopic.MultipleDataUsingDataProvider" name="details" time="38.995"/>
  <system-out/>
  <testcase classname="testNgTopic.MultipleDataUsingDataProvider" name="details" time="51.330"/>
  <system-out/>
</testsuite> <!-- testNgTopic.MultipleDataUsingDataProvider -->
