<?xml version="1.0" encoding="UTF-8"?>
<!-- Generated by org.testng.reporters.JUnitReportReporter -->
<testsuite hostname="Angela_Moras" failures="0" tests="2" name="helperAttribute.LearningEnabled" time="26.554" errors="0" timestamp="2024-07-02T15:36:54 IST" skipped="1">
  <testcase classname="helperAttribute.LearningEnabled" name="demo" time="26.554"/>
  <system-out/>
  <testcase classname="helperAttribute.LearningEnabled" name="launch">
    <skipped/>
  </testcase> <!-- launch -->
  <system-out/>
</testsuite> <!-- helperAttribute.LearningEnabled -->
