<?xml version="1.0" encoding="UTF-8"?>
<!-- Generated by org.testng.reporters.JUnitReportReporter -->
<testsuite hostname="Angela_Moras" failures="0" tests="5" name="helperAttribute.LearningInvocationCount" time="44.843" errors="0" timestamp="2024-07-02T14:45:18 IST" skipped="0">
  <testcase classname="helperAttribute.LearningInvocationCount" name="demo" time="0.016"/>
  <system-out>
testng  </system-out>
  <testcase classname="helperAttribute.LearningInvocationCount" name="launch" time="15.596"/>
  <system-out/>
  <testcase classname="helperAttribute.LearningInvocationCount" name="launch" time="14.750"/>
  <system-out/>
  <testcase classname="helperAttribute.LearningInvocationCount" name="demo" time="0.002"/>
  <system-out>
testng  </system-out>
  <testcase classname="helperAttribute.LearningInvocationCount" name="launch" time="14.479"/>
  <system-out/>
</testsuite> <!-- helperAttribute.LearningInvocationCount -->
