<?xml version="1.0" encoding="UTF-8"?>
<!-- Generated by org.testng.reporters.JUnitReportReporter -->
<testsuite hostname="Angela_Moras" failures="0" tests="2" name="testNgTopic.DataProviderProgram" time="0.022" errors="0" timestamp="2024-07-09T15:45:20 IST" skipped="0">
  <testcase classname="testNgTopic.DataProviderProgram" name="details" time="0.007"/>
  <system-out>
    <![CDATA[angela
B+
angelamoras296@gmail.com]]>
  </system-out>
  <testcase classname="testNgTopic.DataProviderProgram" name="details" time="0.015"/>
  <system-out>
    <![CDATA[sandeep
A+
sandeepvjoy390@gmail.com]]>
  </system-out>
</testsuite> <!-- testNgTopic.DataProviderProgram -->
