<?xml version="1.0" encoding="UTF-8"?>
<!-- Generated by org.testng.reporters.JUnitReportReporter -->
<testsuite hostname="Angela_Moras" failures="0" tests="1" name="testNgTopic.Script1" time="0.046" errors="0" timestamp="2024-07-01T14:59:34 IST" skipped="0">
  <testcase classname="testNgTopic.Script1" name="launch" time="0.046"/>
  <system-out>
testNG  </system-out>
</testsuite> <!-- testNgTopic.Script1 -->
